0 verbose cli C:\Program Files\nodejs\node.exe C:\Program Files\nodejs\node_modules\npm\bin\npm-cli.js
1 info using npm@11.6.2
2 info using node@v24.12.0
3 silly config load:file:C:\Program Files\nodejs\node_modules\npm\npmrc
4 silly config load:file:C:\Users\caioc\OneDrive\Desktop\StudyBase\.npmrc
5 silly config load:file:C:\Users\caioc\.npmrc
6 silly config load:file:C:\Users\caioc\AppData\Roaming\npm\etc\npmrc
7 verbose title npm audit
8 verbose argv "audit" "--cache" ".npm-cache" "--strict-ssl" "false" "--audit-level" "moderate"
9 verbose logfile logs-max:10 dir:C:\Users\caioc\OneDrive\Desktop\StudyBase\.npm-cache\_logs\2026-06-08T16_12_29_237Z-
10 verbose logfile C:\Users\caioc\OneDrive\Desktop\StudyBase\.npm-cache\_logs\2026-06-08T16_12_29_237Z-debug-0.log
11 silly logfile done cleaning log files
12 silly packumentCache heap:4496293888 maxSize:1124073472 maxEntrySize:562036736
13 silly audit bulk request {
13 silly audit   '@alloc/quick-lru': [ '5.2.0' ],
13 silly audit   '@emnapi/runtime': [ '1.11.0' ],
13 silly audit   '@img/colour': [ '1.1.0' ],
13 silly audit   '@img/sharp-darwin-arm64': [ '0.34.5' ],
13 silly audit   '@img/sharp-darwin-x64': [ '0.34.5' ],
13 silly audit   '@img/sharp-libvips-darwin-arm64': [ '1.2.4' ],
13 silly audit   '@img/sharp-libvips-darwin-x64': [ '1.2.4' ],
13 silly audit   '@img/sharp-libvips-linux-arm': [ '1.2.4' ],
13 silly audit   '@img/sharp-libvips-linux-arm64': [ '1.2.4' ],
13 silly audit   '@img/sharp-libvips-linux-ppc64': [ '1.2.4' ],
13 silly audit   '@img/sharp-libvips-linux-riscv64': [ '1.2.4' ],
13 silly audit   '@img/sharp-libvips-linux-s390x': [ '1.2.4' ],
13 silly audit   '@img/sharp-libvips-linux-x64': [ '1.2.4' ],
13 silly audit   '@img/sharp-libvips-linuxmusl-arm64': [ '1.2.4' ],
13 silly audit   '@img/sharp-libvips-linuxmusl-x64': [ '1.2.4' ],
13 silly audit   '@img/sharp-linux-arm': [ '0.34.5' ],
13 silly audit   '@img/sharp-linux-arm64': [ '0.34.5' ],
13 silly audit   '@img/sharp-linux-ppc64': [ '0.34.5' ],
13 silly audit   '@img/sharp-linux-riscv64': [ '0.34.5' ],
13 silly audit   '@img/sharp-linux-s390x': [ '0.34.5' ],
13 silly audit   '@img/sharp-linux-x64': [ '0.34.5' ],
13 silly audit   '@img/sharp-linuxmusl-arm64': [ '0.34.5' ],
13 silly audit   '@img/sharp-linuxmusl-x64': [ '0.34.5' ],
13 silly audit   '@img/sharp-wasm32': [ '0.34.5' ],
13 silly audit   '@img/sharp-win32-arm64': [ '0.34.5' ],
13 silly audit   '@img/sharp-win32-ia32': [ '0.34.5' ],
13 silly audit   '@img/sharp-win32-x64': [ '0.34.5' ],
13 silly audit   '@jridgewell/gen-mapping': [ '0.3.13' ],
13 silly audit   '@jridgewell/resolve-uri': [ '3.1.2' ],
13 silly audit   '@jridgewell/sourcemap-codec': [ '1.5.5' ],
13 silly audit   '@jridgewell/trace-mapping': [ '0.3.31' ],
13 silly audit   '@next/env': [ '16.2.7' ],
13 silly audit   '@next/swc-darwin-arm64': [ '16.2.7' ],
13 silly audit   '@next/swc-darwin-x64': [ '16.2.7' ],
13 silly audit   '@next/swc-linux-arm64-gnu': [ '16.2.7' ],
13 silly audit   '@next/swc-linux-arm64-musl': [ '16.2.7' ],
13 silly audit   '@next/swc-linux-x64-gnu': [ '16.2.7' ],
13 silly audit   '@next/swc-linux-x64-musl': [ '16.2.7' ],
13 silly audit   '@next/swc-win32-arm64-msvc': [ '16.2.7' ],
13 silly audit   '@next/swc-win32-x64-msvc': [ '16.2.7' ],
13 silly audit   '@nodelib/fs.scandir': [ '2.1.5' ],
13 silly audit   '@nodelib/fs.stat': [ '2.0.5' ],
13 silly audit   '@nodelib/fs.walk': [ '1.2.8' ],
13 silly audit   '@swc/helpers': [ '0.5.15' ],
13 silly audit   '@types/node': [ '20.17.6' ],
13 silly audit   '@types/prop-types': [ '15.7.15' ],
13 silly audit   '@types/react': [ '18.3.12' ],
13 silly audit   '@types/react-dom': [ '18.3.1' ],
13 silly audit   'any-promise': [ '1.3.0' ],
13 silly audit   anymatch: [ '3.1.3' ],
13 silly audit   arg: [ '5.0.2' ],
13 silly audit   autoprefixer: [ '10.4.20' ],
13 silly audit   'baseline-browser-mapping': [ '2.10.34' ],
13 silly audit   'binary-extensions': [ '2.3.0' ],
13 silly audit   braces: [ '3.0.3' ],
13 silly audit   browserslist: [ '4.28.2' ],
13 silly audit   'camelcase-css': [ '2.0.1' ],
13 silly audit   'caniuse-lite': [ '1.0.30001797' ],
13 silly audit   chokidar: [ '3.6.0' ],
13 silly audit   'glob-parent': [ '5.1.2', '6.0.2' ],
13 silly audit   'client-only': [ '0.0.1' ],
13 silly audit   commander: [ '4.1.1' ],
13 silly audit   cssesc: [ '3.0.0' ],
13 silly audit   csstype: [ '3.2.3' ],
13 silly audit   'detect-libc': [ '2.1.2' ],
13 silly audit   didyoumean: [ '1.2.2' ],
13 silly audit   dlv: [ '1.1.3' ],
13 silly audit   'electron-to-chromium': [ '1.5.368' ],
13 silly audit   'es-errors': [ '1.3.0' ],
13 silly audit   escalade: [ '3.2.0' ],
13 silly audit   'fast-glob': [ '3.3.3' ],
13 silly audit   fastq: [ '1.20.1' ],
13 silly audit   'fill-range': [ '7.1.1' ],
13 silly audit   'fraction.js': [ '4.3.7' ],
13 silly audit   fsevents: [ '2.3.3' ],
13 silly audit   'function-bind': [ '1.1.2' ],
13 silly audit   hasown: [ '2.0.4' ],
13 silly audit   'is-binary-path': [ '2.1.0' ],
13 silly audit   'is-core-module': [ '2.16.2' ],
13 silly audit   'is-extglob': [ '2.1.1' ],
13 silly audit   'is-glob': [ '4.0.3' ],
13 silly audit   'is-number': [ '7.0.0' ],
13 silly audit   jiti: [ '1.21.7' ],
13 silly audit   'js-tokens': [ '4.0.0' ],
13 silly audit   lilconfig: [ '2.1.0', '3.1.3' ],
13 silly audit   'lines-and-columns': [ '1.2.4' ],
13 silly audit   'loose-envify': [ '1.4.0' ],
13 silly audit   merge2: [ '1.4.1' ],
13 silly audit   micromatch: [ '4.0.8' ],
13 silly audit   mz: [ '2.7.0' ],
13 silly audit   nanoid: [ '3.3.12' ],
13 silly audit   next: [ '16.2.7' ],
13 silly audit   postcss: [ '8.4.31', '8.5.10' ],
13 silly audit   'node-releases': [ '2.0.47' ],
13 silly audit   'normalize-path': [ '3.0.0' ],
13 silly audit   'normalize-range': [ '0.1.2' ],
13 silly audit   'object-assign': [ '4.1.1' ],
13 silly audit   'object-hash': [ '3.0.0' ],
13 silly audit   'path-parse': [ '1.0.7' ],
13 silly audit   picocolors: [ '1.1.1' ],
13 silly audit   picomatch: [ '2.3.2', '4.0.4' ],
13 silly audit   pify: [ '2.3.0' ],
13 silly audit   pirates: [ '4.0.7' ],
13 silly audit   'postcss-import': [ '15.1.0' ],
13 silly audit   'postcss-js': [ '4.1.0' ],
13 silly audit   'postcss-nested': [ '6.2.0' ],
13 silly audit   'postcss-selector-parser': [ '6.1.2' ],
13 silly audit   'postcss-value-parser': [ '4.2.0' ],
13 silly audit   'queue-microtask': [ '1.2.3' ],
13 silly audit   react: [ '18.3.1' ],
13 silly audit   'react-dom': [ '18.3.1' ],
13 silly audit   'read-cache': [ '1.0.0' ],
13 silly audit   readdirp: [ '3.6.0' ],
13 silly audit   resolve: [ '1.22.12' ],
13 silly audit   reusify: [ '1.1.0' ],
13 silly audit   'run-parallel': [ '1.2.0' ],
13 silly audit   scheduler: [ '0.23.2' ],
13 silly audit   semver: [ '7.8.3' ],
13 silly audit   sharp: [ '0.34.5' ],
13 silly audit   'source-map-js': [ '1.2.1' ],
13 silly audit   'styled-jsx': [ '5.1.6' ],
13 silly audit   sucrase: [ '3.35.1' ],
13 silly audit   'supports-preserve-symlinks-flag': [ '1.0.0' ],
13 silly audit   tailwindcss: [ '3.4.14' ],
13 silly audit   'postcss-load-config': [ '4.0.2' ],
13 silly audit   thenify: [ '3.3.1' ],
13 silly audit   'thenify-all': [ '1.6.0' ],
13 silly audit   tinyglobby: [ '0.2.17' ],
13 silly audit   fdir: [ '6.5.0' ],
13 silly audit   'to-regex-range': [ '5.0.1' ],
13 silly audit   'ts-interface-checker': [ '0.1.13' ],
13 silly audit   tslib: [ '2.8.1' ],
13 silly audit   typescript: [ '5.6.3' ],
13 silly audit   'undici-types': [ '6.19.8' ],
13 silly audit   'update-browserslist-db': [ '1.2.3' ],
13 silly audit   'util-deprecate': [ '1.0.2' ],
13 silly audit   yaml: [ '2.9.0' ]
13 silly audit }
14 http fetch POST 200 https://registry.npmjs.org/-/npm/v1/security/advisories/bulk 363ms
15 silly audit report {
15 silly audit report   postcss: [
15 silly audit report     {
15 silly audit report       id: 1117015,
15 silly audit report       url: 'https://github.com/advisories/GHSA-qx2v-qp2m-jg93',
15 silly audit report       title: 'PostCSS has XSS via Unescaped </style> in its CSS Stringify Output',
15 silly audit report       severity: 'moderate',
15 silly audit report       vulnerable_versions: '<8.5.10',
15 silly audit report       cwe: [Array],
15 silly audit report       cvss: [Object]
15 silly audit report     }
15 silly audit report   ]
15 silly audit report }
16 silly packumentCache corgi:https://registry.npmjs.org/postcss cache-miss
17 http cache https://registry.npmjs.org/postcss 9ms (cache hit)
18 silly packumentCache corgi:https://registry.npmjs.org/postcss set size:344717 disposed:false
19 silly packumentCache corgi:https://registry.npmjs.org/next cache-miss
20 http cache https://registry.npmjs.org/next 38ms (cache hit)
21 silly packumentCache corgi:https://registry.npmjs.org/next set size:25178033 disposed:false
22 verbose cwd C:\Users\caioc\OneDrive\Desktop\StudyBase
23 verbose os Windows_NT 10.0.26200
24 verbose node v24.12.0
25 verbose npm  v11.6.2
26 verbose exit 1
27 verbose code 1
