0 verbose cli C:\Program Files\nodejs\node.exe C:\Program Files\nodejs\node_modules\npm\bin\npm-cli.js
1 info using npm@11.6.2
2 info using node@v24.12.0
3 silly config load:file:C:\Program Files\nodejs\node_modules\npm\npmrc
4 silly config load:file:C:\Users\caioc\OneDrive\Desktop\StudyBase\.npmrc
5 silly config load:file:C:\Users\caioc\.npmrc
6 silly config load:file:C:\Users\caioc\AppData\Roaming\npm\etc\npmrc
7 verbose title npm audit
8 verbose argv "audit" "--cache" ".npm-cache" "--strict-ssl" "false" "--audit-level" "moderate"
9 verbose logfile logs-max:10 dir:C:\Users\caioc\OneDrive\Desktop\StudyBase\.npm-cache\_logs\2026-06-08T16_11_16_311Z-
10 verbose logfile C:\Users\caioc\OneDrive\Desktop\StudyBase\.npm-cache\_logs\2026-06-08T16_11_16_311Z-debug-0.log
11 silly logfile done cleaning log files
12 silly packumentCache heap:4496293888 maxSize:1124073472 maxEntrySize:562036736
13 silly audit bulk request {
13 silly audit   '@alloc/quick-lru': [ '5.2.0' ],
13 silly audit   '@jridgewell/gen-mapping': [ '0.3.13' ],
13 silly audit   '@jridgewell/resolve-uri': [ '3.1.2' ],
13 silly audit   '@jridgewell/sourcemap-codec': [ '1.5.5' ],
13 silly audit   '@jridgewell/trace-mapping': [ '0.3.31' ],
13 silly audit   '@next/env': [ '14.2.16' ],
13 silly audit   '@next/swc-darwin-arm64': [ '14.2.16' ],
13 silly audit   '@next/swc-darwin-x64': [ '14.2.16' ],
13 silly audit   '@next/swc-linux-arm64-gnu': [ '14.2.16' ],
13 silly audit   '@next/swc-linux-arm64-musl': [ '14.2.16' ],
13 silly audit   '@next/swc-linux-x64-gnu': [ '14.2.16' ],
13 silly audit   '@next/swc-linux-x64-musl': [ '14.2.16' ],
13 silly audit   '@next/swc-win32-arm64-msvc': [ '14.2.16' ],
13 silly audit   '@next/swc-win32-ia32-msvc': [ '14.2.16' ],
13 silly audit   '@next/swc-win32-x64-msvc': [ '14.2.16' ],
13 silly audit   '@nodelib/fs.scandir': [ '2.1.5' ],
13 silly audit   '@nodelib/fs.stat': [ '2.0.5' ],
13 silly audit   '@nodelib/fs.walk': [ '1.2.8' ],
13 silly audit   '@swc/counter': [ '0.1.3' ],
13 silly audit   '@swc/helpers': [ '0.5.5' ],
13 silly audit   '@types/node': [ '20.17.6' ],
13 silly audit   '@types/prop-types': [ '15.7.15' ],
13 silly audit   '@types/react': [ '18.3.12' ],
13 silly audit   '@types/react-dom': [ '18.3.1' ],
13 silly audit   'any-promise': [ '1.3.0' ],
13 silly audit   anymatch: [ '3.1.3' ],
13 silly audit   arg: [ '5.0.2' ],
13 silly audit   autoprefixer: [ '10.4.20' ],
13 silly audit   'baseline-browser-mapping': [ '2.10.34' ],
13 silly audit   'binary-extensions': [ '2.3.0' ],
13 silly audit   braces: [ '3.0.3' ],
13 silly audit   browserslist: [ '4.28.2' ],
13 silly audit   busboy: [ '1.6.0' ],
13 silly audit   'camelcase-css': [ '2.0.1' ],
13 silly audit   'caniuse-lite': [ '1.0.30001797' ],
13 silly audit   chokidar: [ '3.6.0' ],
13 silly audit   'glob-parent': [ '5.1.2', '6.0.2' ],
13 silly audit   'client-only': [ '0.0.1' ],
13 silly audit   commander: [ '4.1.1' ],
13 silly audit   cssesc: [ '3.0.0' ],
13 silly audit   csstype: [ '3.2.3' ],
13 silly audit   didyoumean: [ '1.2.2' ],
13 silly audit   dlv: [ '1.1.3' ],
13 silly audit   'electron-to-chromium': [ '1.5.368' ],
13 silly audit   'es-errors': [ '1.3.0' ],
13 silly audit   escalade: [ '3.2.0' ],
13 silly audit   'fast-glob': [ '3.3.3' ],
13 silly audit   fastq: [ '1.20.1' ],
13 silly audit   'fill-range': [ '7.1.1' ],
13 silly audit   'fraction.js': [ '4.3.7' ],
13 silly audit   fsevents: [ '2.3.3' ],
13 silly audit   'function-bind': [ '1.1.2' ],
13 silly audit   'graceful-fs': [ '4.2.11' ],
13 silly audit   hasown: [ '2.0.4' ],
13 silly audit   'is-binary-path': [ '2.1.0' ],
13 silly audit   'is-core-module': [ '2.16.2' ],
13 silly audit   'is-extglob': [ '2.1.1' ],
13 silly audit   'is-glob': [ '4.0.3' ],
13 silly audit   'is-number': [ '7.0.0' ],
13 silly audit   jiti: [ '1.21.7' ],
13 silly audit   'js-tokens': [ '4.0.0' ],
13 silly audit   lilconfig: [ '2.1.0', '3.1.3' ],
13 silly audit   'lines-and-columns': [ '1.2.4' ],
13 silly audit   'loose-envify': [ '1.4.0' ],
13 silly audit   merge2: [ '1.4.1' ],
13 silly audit   micromatch: [ '4.0.8' ],
13 silly audit   mz: [ '2.7.0' ],
13 silly audit   nanoid: [ '3.3.12' ],
13 silly audit   next: [ '14.2.16' ],
13 silly audit   postcss: [ '8.4.31', '8.4.47' ],
13 silly audit   'node-releases': [ '2.0.47' ],
13 silly audit   'normalize-path': [ '3.0.0' ],
13 silly audit   'normalize-range': [ '0.1.2' ],
13 silly audit   'object-assign': [ '4.1.1' ],
13 silly audit   'object-hash': [ '3.0.0' ],
13 silly audit   'path-parse': [ '1.0.7' ],
13 silly audit   picocolors: [ '1.1.1' ],
13 silly audit   picomatch: [ '2.3.2', '4.0.4' ],
13 silly audit   pify: [ '2.3.0' ],
13 silly audit   pirates: [ '4.0.7' ],
13 silly audit   'postcss-import': [ '15.1.0' ],
13 silly audit   'postcss-js': [ '4.1.0' ],
13 silly audit   'postcss-nested': [ '6.2.0' ],
13 silly audit   'postcss-selector-parser': [ '6.1.2' ],
13 silly audit   'postcss-value-parser': [ '4.2.0' ],
13 silly audit   'queue-microtask': [ '1.2.3' ],
13 silly audit   react: [ '18.3.1' ],
13 silly audit   'react-dom': [ '18.3.1' ],
13 silly audit   'read-cache': [ '1.0.0' ],
13 silly audit   readdirp: [ '3.6.0' ],
13 silly audit   resolve: [ '1.22.12' ],
13 silly audit   reusify: [ '1.1.0' ],
13 silly audit   'run-parallel': [ '1.2.0' ],
13 silly audit   scheduler: [ '0.23.2' ],
13 silly audit   'source-map-js': [ '1.2.1' ],
13 silly audit   streamsearch: [ '1.1.0' ],
13 silly audit   'styled-jsx': [ '5.1.1' ],
13 silly audit   sucrase: [ '3.35.1' ],
13 silly audit   'supports-preserve-symlinks-flag': [ '1.0.0' ],
13 silly audit   tailwindcss: [ '3.4.14' ],
13 silly audit   'postcss-load-config': [ '4.0.2' ],
13 silly audit   thenify: [ '3.3.1' ],
13 silly audit   'thenify-all': [ '1.6.0' ],
13 silly audit   tinyglobby: [ '0.2.17' ],
13 silly audit   fdir: [ '6.5.0' ],
13 silly audit   'to-regex-range': [ '5.0.1' ],
13 silly audit   'ts-interface-checker': [ '0.1.13' ],
13 silly audit   tslib: [ '2.8.1' ],
13 silly audit   typescript: [ '5.6.3' ],
13 silly audit   'undici-types': [ '6.19.8' ],
13 silly audit   'update-browserslist-db': [ '1.2.3' ],
13 silly audit   'util-deprecate': [ '1.0.2' ],
13 silly audit   yaml: [ '2.9.0' ]
13 silly audit }
14 http fetch POST 200 https://registry.npmjs.org/-/npm/v1/security/advisories/bulk 376ms
15 silly audit report {
15 silly audit report   next: [
15 silly audit report     {
15 silly audit report       id: 1117931,
15 silly audit report       url: 'https://github.com/advisories/GHSA-8h8q-6873-q5fj',
15 silly audit report       title: 'Next.js Vulnerable to Denial of Service with Server Components',
15 silly audit report       severity: 'high',
15 silly audit report       vulnerable_versions: '>=13.0.0 <15.5.16',
15 silly audit report       cwe: [Array],
15 silly audit report       cvss: [Object]
15 silly audit report     },
15 silly audit report     {
15 silly audit report       id: 1101438,
15 silly audit report       url: 'https://github.com/advisories/GHSA-7m27-7ghc-44w9',
15 silly audit report       title: 'Next.js Allows a Denial of Service (DoS) with Server Actions',
15 silly audit report       severity: 'moderate',
15 silly audit report       vulnerable_versions: '>=14.0.0 <14.2.21',
15 silly audit report       cwe: [Array],
15 silly audit report       cvss: [Object]
15 silly audit report     },
15 silly audit report     {
15 silly audit report       id: 1105461,
15 silly audit report       url: 'https://github.com/advisories/GHSA-3h52-269p-cp9r',
15 silly audit report       title: 'Information exposure in Next.js dev server due to lack of origin verification',
15 silly audit report       severity: 'low',
15 silly audit report       vulnerable_versions: '>=13.0 <14.2.30',
15 silly audit report       cwe: [Array],
15 silly audit report       cvss: [Object]
15 silly audit report     },
15 silly audit report     {
15 silly audit report       id: 1111391,
15 silly audit report       url: 'https://github.com/advisories/GHSA-mwv6-3258-q52c',
15 silly audit report       title: 'Next Vulnerable to Denial of Service with Server Components',
15 silly audit report       severity: 'high',
15 silly audit report       vulnerable_versions: '>=13.3.0 <14.2.34',
15 silly audit report       cwe: [Array],
15 silly audit report       cvss: [Object]
15 silly audit report     },
15 silly audit report     {
15 silly audit report       id: 1107226,
15 silly audit report       url: 'https://github.com/advisories/GHSA-g5qg-72qw-gw5v',
15 silly audit report       title: 'Next.js Affected by Cache Key Confusion for Image Optimization API Routes',
15 silly audit report       severity: 'moderate',
15 silly audit report       vulnerable_versions: '>=0.9.9 <14.2.31',
15 silly audit report       cwe: [Array],
15 silly audit report       cvss: [Object]
15 silly audit report     },
15 silly audit report     {
15 silly audit report       id: 1107512,
15 silly audit report       url: 'https://github.com/advisories/GHSA-4342-x723-ch2f',
15 silly audit report       title: 'Next.js Improper Middleware Redirect Handling Leads to SSRF',
15 silly audit report       severity: 'moderate',
15 silly audit report       vulnerable_versions: '>=0.9.9 <14.2.32',
15 silly audit report       cwe: [Array],
15 silly audit report       cvss: [Object]
15 silly audit report     },
15 silly audit report     {
15 silly audit report       id: 1107513,
15 silly audit report       url: 'https://github.com/advisories/GHSA-xv57-4mr9-wg8v',
15 silly audit report       title: 'Next.js Content Injection Vulnerability for Image Optimization',
15 silly audit report       severity: 'moderate',
15 silly audit report       vulnerable_versions: '>=0.9.9 <14.2.31',
15 silly audit report       cwe: [Array],
15 silly audit report       cvss: [Object]
15 silly audit report     },
15 silly audit report     {
15 silly audit report       id: 1112182,
15 silly audit report       url: 'https://github.com/advisories/GHSA-5j59-xgg2-r9c4',
15 silly audit report       title: 'Next has a Denial of Service with Server Components - Incomplete Fix Follow-Up',
15 silly audit report       severity: 'high',
15 silly audit report       vulnerable_versions: '>=13.3.1-canary.0 <14.2.35',
15 silly audit report       cwe: [Array],
15 silly audit report       cvss: [Object]
15 silly audit report     },
15 silly audit report     {
15 silly audit report       id: 1108291,
15 silly audit report       url: 'https://github.com/advisories/GHSA-qpjv-v59x-3qc4',
15 silly audit report       title: 'Next.js Race Condition to Cache Poisoning',
15 silly audit report       severity: 'low',
15 silly audit report       vulnerable_versions: '>=0.9.9 <14.2.24',
15 silly audit report       cwe: [Array],
15 silly audit report       cvss: [Object]
15 silly audit report     },
15 silly audit report     {
15 silly audit report       id: 1118942,
15 silly audit report       url: 'https://github.com/advisories/GHSA-3g8h-86w9-wvmq',
15 silly audit report       title: "Next.js's Middleware / Proxy redirects can be cache-poisoned",
15 silly audit report       severity: 'low',
15 silly audit report       vulnerable_versions: '>=12.2.0 <15.5.16',
15 silly audit report       cwe: [Array],
15 silly audit report       cvss: [Object]
15 silly audit report     },
15 silly audit report     {
15 silly audit report       id: 1118944,
15 silly audit report       url: 'https://github.com/advisories/GHSA-ffhc-5mcf-pf4q',
15 silly audit report       title: 'Next.js vulnerable to cross-site scripting in App Router applications using CSP nonces',
15 silly audit report       severity: 'moderate',
15 silly audit report       vulnerable_versions: '>=13.4.0 <15.5.16',
15 silly audit report       cwe: [Array],
15 silly audit report       cvss: [Object]
15 silly audit report     },
15 silly audit report     {
15 silly audit report       id: 1118946,
15 silly audit report       url: 'https://github.com/advisories/GHSA-vfv6-92ff-j949',
15 silly audit report       title: 'Next.js vulnerable to cache poisoning via collisions in React Server Component cache-busting',
15 silly audit report       severity: 'low',
15 silly audit report       vulnerable_versions: '>=13.4.6 <15.5.16',
15 silly audit report       cwe: [Array],
15 silly audit report       cvss: [Object]
15 silly audit report     },
15 silly audit report     {
15 silly audit report       id: 1118948,
15 silly audit report       url: 'https://github.com/advisories/GHSA-gx5p-jg67-6x7h',
15 silly audit report       title: 'Next.js has cross-site scripting in beforeInteractive scripts with untrusted input',
15 silly audit report       severity: 'moderate',
15 silly audit report       vulnerable_versions: '>=13.0.0 <15.5.16',
15 silly audit report       cwe: [Array],
15 silly audit report       cvss: [Object]
15 silly audit report     },
15 silly audit report     {
15 silly audit report       id: 1118952,
15 silly audit report       url: 'https://github.com/advisories/GHSA-h64f-5h5j-jqjh',
15 silly audit report       title: 'Next.js has a Denial of Service in the Image Optimization API',
15 silly audit report       severity: 'moderate',
15 silly audit report       vulnerable_versions: '>=10.0.0 <15.5.16',
15 silly audit report       cwe: [Array],
15 silly audit report       cvss: [Object]
15 silly audit report     },
15 silly audit report     {
15 silly audit report       id: 1118954,
15 silly audit report       url: 'https://github.com/advisories/GHSA-c4j6-fc7j-m34r',
15 silly audit report       title: 'Next.js vulnerable to server-side request forgery in applications using WebSocket upgrades',
15 silly audit report       severity: 'high',
15 silly audit report       vulnerable_versions: '>=13.4.13 <15.5.16',
15 silly audit report       cwe: [Array],
15 silly audit report       cvss: [Object]
15 silly audit report     },
15 silly audit report     {
15 silly audit report       id: 1118958,
15 silly audit report       url: 'https://github.com/advisories/GHSA-wfc6-r584-vfw7',
15 silly audit report       title: 'Next.js vulnerable to cache poisoning in React Server Component responses',
15 silly audit report       severity: 'moderate',
15 silly audit report       vulnerable_versions: '>=14.2.0 <15.5.16',
15 silly audit report       cwe: [Array],
15 silly audit report       cvss: [Object]
15 silly audit report     },
15 silly audit report     {
15 silly audit report       id: 1118962,
15 silly audit report       url: 'https://github.com/advisories/GHSA-36qx-fr4f-26g5',
15 silly audit report       title: 'Next.js has a Middleware / Proxy bypass in Pages Router applications using i18n',
15 silly audit report       severity: 'high',
15 silly audit report       vulnerable_versions: '>=12.2.0 <15.5.16',
15 silly audit report       cwe: [Array],
15 silly audit report       cvss: [Object]
15 silly audit report     },
15 silly audit report     {
15 silly audit report       id: 1112593,
15 silly audit report       url: 'https://github.com/advisories/GHSA-9g9p-9gw9-jx7f',
15 silly audit report       title: 'Next.js self-hosted applications vulnerable to DoS via Image Optimizer remotePatterns configuration',
15 silly audit report       severity: 'moderate',
15 silly audit report       vulnerable_versions: '>=10.0.0 <15.5.10',
15 silly audit report       cwe: [Array],
15 silly audit report       cvss: [Object]
15 silly audit report     },
15 silly audit report     {
15 silly audit report       id: 1112653,
15 silly audit report       url: 'https://github.com/advisories/GHSA-h25m-26qc-wcjf',
15 silly audit report       title: 'Next.js HTTP request deserialization can lead to DoS when using insecure React Server Components',
15 silly audit report       severity: 'high',
15 silly audit report       vulnerable_versions: '>=13.0.0 <15.0.8',
15 silly audit report       cwe: [Array],
15 silly audit report       cvss: [Object]
15 silly audit report     },
15 silly audit report     {
15 silly audit report       id: 1113689,
15 silly audit report       url: 'https://github.com/advisories/GHSA-f82v-jwr5-mffw',
15 silly audit report       title: 'Authorization Bypass in Next.js Middleware',
15 silly audit report       severity: 'critical',
15 silly audit report       vulnerable_versions: '>=14.0.0 <14.2.25',
15 silly audit report       cwe: [Array],
15 silly audit report       cvss: [Object]
15 silly audit report     },
15 silly audit report     {
15 silly audit report       id: 1114897,
15 silly audit report       url: 'https://github.com/advisories/GHSA-ggv3-7p47-pfv8',
15 silly audit report       title: 'Next.js: HTTP request smuggling in rewrites',
15 silly audit report       severity: 'moderate',
15 silly audit report       vulnerable_versions: '>=9.5.0 <15.5.13',
15 silly audit report       cwe: [Array],
15 silly audit report       cvss: [Object]
15 silly audit report     },
15 silly audit report     {
15 silly audit report       id: 1114940,
15 silly audit report       url: 'https://github.com/advisories/GHSA-3x4c-7xq6-9pq8',
15 silly audit report       title: 'Next.js: Unbounded next/image disk cache growth can exhaust storage',
15 silly audit report       severity: 'moderate',
15 silly audit report       vulnerable_versions: '>=10.0.0 <15.5.14',
15 silly audit report       cwe: [Array],
15 silly audit report       cvss: [Object]
15 silly audit report     },
15 silly audit report     {
15 silly audit report       id: 1116376,
15 silly audit report       url: 'https://github.com/advisories/GHSA-q4gf-8mx6-v5v3',
15 silly audit report       title: 'Next.js has a Denial of Service with Server Components',
15 silly audit report       severity: 'high',
15 silly audit report       vulnerable_versions: '>=13.0.0 <15.5.15',
15 silly audit report       cwe: [Array],
15 silly audit report       cvss: [Object]
15 silly audit report     }
15 silly audit report   ],
15 silly audit report   postcss: [
15 silly audit report     {
15 silly audit report       id: 1117015,
15 silly audit report       url: 'https://github.com/advisories/GHSA-qx2v-qp2m-jg93',
15 silly audit report       title: 'PostCSS has XSS via Unescaped </style> in its CSS Stringify Output',
15 silly audit report       severity: 'moderate',
15 silly audit report       vulnerable_versions: '<8.5.10',
15 silly audit report       cwe: [Array],
15 silly audit report       cvss: [Object]
15 silly audit report     }
15 silly audit report   ]
15 silly audit report }
16 silly packumentCache corgi:https://registry.npmjs.org/next cache-miss
17 silly packumentCache corgi:https://registry.npmjs.org/postcss cache-miss
18 http cache https://registry.npmjs.org/postcss 28ms (cache hit)
19 silly packumentCache corgi:https://registry.npmjs.org/postcss set size:344717 disposed:false
20 http cache https://registry.npmjs.org/next 66ms (cache hit)
21 silly packumentCache corgi:https://registry.npmjs.org/next set size:25178033 disposed:false
22 silly packumentCache corgi:https://registry.npmjs.org/autoprefixer cache-miss
23 silly packumentCache corgi:https://registry.npmjs.org/postcss-import cache-miss
24 silly packumentCache corgi:https://registry.npmjs.org/postcss-js cache-miss
25 silly packumentCache corgi:https://registry.npmjs.org/postcss-nested cache-miss
26 silly packumentCache corgi:https://registry.npmjs.org/tailwindcss cache-miss
27 silly packumentCache corgi:https://registry.npmjs.org/postcss-load-config cache-miss
28 http cache https://registry.npmjs.org/postcss-nested 47ms (cache hit)
29 silly packumentCache corgi:https://registry.npmjs.org/postcss-nested set size:41645 disposed:false
30 http cache https://registry.npmjs.org/postcss-js 49ms (cache hit)
31 silly packumentCache corgi:https://registry.npmjs.org/postcss-js set size:25314 disposed:false
32 http cache https://registry.npmjs.org/autoprefixer 52ms (cache hit)
33 silly packumentCache corgi:https://registry.npmjs.org/autoprefixer set size:298545 disposed:false
34 http cache https://registry.npmjs.org/postcss-import 54ms (cache hit)
35 silly packumentCache corgi:https://registry.npmjs.org/postcss-import set size:52251 disposed:false
36 http cache https://registry.npmjs.org/postcss-load-config 54ms (cache hit)
37 silly packumentCache corgi:https://registry.npmjs.org/postcss-load-config set size:37999 disposed:false
38 http cache https://registry.npmjs.org/tailwindcss 60ms (cache hit)
39 silly packumentCache corgi:https://registry.npmjs.org/tailwindcss set size:4725772 disposed:false
40 verbose cwd C:\Users\caioc\OneDrive\Desktop\StudyBase
41 verbose os Windows_NT 10.0.26200
42 verbose node v24.12.0
43 verbose npm  v11.6.2
44 verbose exit 1
45 verbose code 1
