0 verbose cli C:\Program Files\nodejs\node.exe C:\Program Files\nodejs\node_modules\npm\bin\npm-cli.js
1 info using npm@11.6.2
2 info using node@v24.12.0
3 silly config load:file:C:\Program Files\nodejs\node_modules\npm\npmrc
4 silly config load:file:C:\Users\caioc\OneDrive\Desktop\StudyBase\.npmrc
5 silly config load:file:C:\Users\caioc\.npmrc
6 silly config load:file:C:\Users\caioc\AppData\Roaming\npm\etc\npmrc
7 verbose title npm install next@16.2.7 postcss@8.5.10
8 verbose argv "install" "next@16.2.7" "postcss@8.5.10" "--save-exact" "--cache" ".npm-cache" "--strict-ssl" "false"
9 verbose logfile logs-max:10 dir:C:\Users\caioc\OneDrive\Desktop\StudyBase\.npm-cache\_logs\2026-06-08T16_11_51_190Z-
10 verbose logfile C:\Users\caioc\OneDrive\Desktop\StudyBase\.npm-cache\_logs\2026-06-08T16_11_51_190Z-debug-0.log
11 silly logfile done cleaning log files
12 silly packumentCache heap:4496293888 maxSize:1124073472 maxEntrySize:562036736
13 silly idealTree buildDeps
14 silly fetch manifest next@16.2.7
15 silly packumentCache full:https://registry.npmjs.org/next cache-miss
16 http cache https://registry.npmjs.org/next 73ms (cache hit)
17 silly packumentCache full:https://registry.npmjs.org/next set size:30675928 disposed:false
18 silly fetch manifest @opentelemetry/api@^1.1.0
19 silly packumentCache full:https://registry.npmjs.org/@opentelemetry%2fapi cache-miss
20 http cache https://registry.npmjs.org/@opentelemetry%2fapi 31ms (cache hit)
21 silly packumentCache full:https://registry.npmjs.org/@opentelemetry%2fapi set size:272967 disposed:false
22 silly fetch manifest @playwright/test@^1.51.1
23 silly packumentCache full:https://registry.npmjs.org/@playwright%2ftest cache-miss
24 http cache https://registry.npmjs.org/@playwright%2ftest 16ms (cache hit)
25 silly packumentCache full:https://registry.npmjs.org/@playwright%2ftest set size:9186945 disposed:false
26 silly fetch manifest babel-plugin-react-compiler@*
27 silly packumentCache full:https://registry.npmjs.org/babel-plugin-react-compiler cache-miss
28 http fetch GET 200 https://registry.npmjs.org/babel-plugin-react-compiler 262ms (cache miss)
29 silly packumentCache full:https://registry.npmjs.org/babel-plugin-react-compiler set size:undefined disposed:false
30 silly fetch manifest react@18.3.1
31 silly packumentCache full:https://registry.npmjs.org/react cache-miss
32 http cache https://registry.npmjs.org/react 13ms (cache hit)
33 silly packumentCache full:https://registry.npmjs.org/react set size:6688498 disposed:false
34 silly fetch manifest react-dom@18.3.1
35 silly packumentCache full:https://registry.npmjs.org/react-dom cache-miss
36 http cache https://registry.npmjs.org/react-dom 16ms (cache hit)
37 silly packumentCache full:https://registry.npmjs.org/react-dom set size:8930276 disposed:false
38 silly fetch manifest sass@^1.3.0
39 silly packumentCache full:https://registry.npmjs.org/sass cache-miss
40 http cache https://registry.npmjs.org/sass 12ms (cache hit)
41 silly packumentCache full:https://registry.npmjs.org/sass set size:728345 disposed:false
42 silly fetch manifest postcss@8.5.10
43 silly packumentCache full:https://registry.npmjs.org/postcss cache-miss
44 http cache https://registry.npmjs.org/postcss 5ms (cache hit)
45 silly packumentCache full:https://registry.npmjs.org/postcss set size:723316 disposed:false
46 silly placeDep ROOT next@16.2.7 REPLACE for: studybase@0.1.0 want: 16.2.7
47 silly placeDep ROOT postcss@8.5.10 REPLACE for: studybase@0.1.0 want: 8.5.10
48 silly fetch manifest @next/env@16.2.7
49 silly packumentCache full:https://registry.npmjs.org/@next%2fenv cache-miss
50 silly fetch manifest styled-jsx@5.1.6
51 silly packumentCache full:https://registry.npmjs.org/styled-jsx cache-miss
52 silly fetch manifest @swc/helpers@0.5.15
53 silly packumentCache full:https://registry.npmjs.org/@swc%2fhelpers cache-miss
54 silly fetch manifest sharp@^0.34.5
55 silly packumentCache full:https://registry.npmjs.org/sharp cache-miss
56 silly fetch manifest @next/swc-darwin-x64@16.2.7
57 silly packumentCache full:https://registry.npmjs.org/@next%2fswc-darwin-x64 cache-miss
58 silly fetch manifest @next/swc-darwin-arm64@16.2.7
59 silly packumentCache full:https://registry.npmjs.org/@next%2fswc-darwin-arm64 cache-miss
60 silly fetch manifest @next/swc-linux-x64-gnu@16.2.7
61 silly packumentCache full:https://registry.npmjs.org/@next%2fswc-linux-x64-gnu cache-miss
62 silly fetch manifest @next/swc-linux-x64-musl@16.2.7
63 silly packumentCache full:https://registry.npmjs.org/@next%2fswc-linux-x64-musl cache-miss
64 silly fetch manifest @next/swc-win32-x64-msvc@16.2.7
65 silly packumentCache full:https://registry.npmjs.org/@next%2fswc-win32-x64-msvc cache-miss
66 silly fetch manifest @next/swc-linux-arm64-gnu@16.2.7
67 silly packumentCache full:https://registry.npmjs.org/@next%2fswc-linux-arm64-gnu cache-miss
68 silly fetch manifest @next/swc-linux-arm64-musl@16.2.7
69 silly packumentCache full:https://registry.npmjs.org/@next%2fswc-linux-arm64-musl cache-miss
70 silly fetch manifest @next/swc-win32-arm64-msvc@16.2.7
71 silly packumentCache full:https://registry.npmjs.org/@next%2fswc-win32-arm64-msvc cache-miss
72 http cache https://registry.npmjs.org/styled-jsx 17ms (cache hit)
73 silly packumentCache full:https://registry.npmjs.org/styled-jsx set size:436113 disposed:false
74 http cache https://registry.npmjs.org/@swc%2fhelpers 22ms (cache hit)
75 silly packumentCache full:https://registry.npmjs.org/@swc%2fhelpers set size:775458 disposed:false
76 http cache https://registry.npmjs.org/@next%2fswc-darwin-x64 34ms (cache hit)
77 silly packumentCache full:https://registry.npmjs.org/@next%2fswc-darwin-x64 set size:5247271 disposed:false
78 http cache https://registry.npmjs.org/@next%2fswc-win32-x64-msvc 57ms (cache hit)
79 silly packumentCache full:https://registry.npmjs.org/@next%2fswc-win32-x64-msvc set size:5326097 disposed:false
80 http cache https://registry.npmjs.org/@next%2fenv 86ms (cache hit)
81 silly packumentCache full:https://registry.npmjs.org/@next%2fenv set size:7309122 disposed:false
82 http cache https://registry.npmjs.org/@next%2fswc-linux-arm64-musl 115ms (cache hit)
83 silly packumentCache full:https://registry.npmjs.org/@next%2fswc-linux-arm64-musl set size:5175846 disposed:false
84 http cache https://registry.npmjs.org/@next%2fswc-darwin-arm64 146ms (cache hit)
85 silly packumentCache full:https://registry.npmjs.org/@next%2fswc-darwin-arm64 set size:5304545 disposed:false
86 http cache https://registry.npmjs.org/@next%2fswc-linux-x64-gnu 183ms (cache hit)
87 silly packumentCache full:https://registry.npmjs.org/@next%2fswc-linux-x64-gnu set size:5354383 disposed:false
88 http cache https://registry.npmjs.org/@next%2fswc-linux-x64-musl 211ms (cache hit)
89 silly packumentCache full:https://registry.npmjs.org/@next%2fswc-linux-x64-musl set size:5110363 disposed:false
90 http cache https://registry.npmjs.org/@next%2fswc-win32-arm64-msvc 235ms (cache hit)
91 silly packumentCache full:https://registry.npmjs.org/@next%2fswc-win32-arm64-msvc set size:5139585 disposed:false
92 http cache https://registry.npmjs.org/@next%2fswc-linux-arm64-gnu 261ms (cache hit)
93 silly packumentCache full:https://registry.npmjs.org/@next%2fswc-linux-arm64-gnu set size:5157790 disposed:false
94 http fetch GET 200 https://registry.npmjs.org/sharp 303ms (cache miss)
95 silly packumentCache full:https://registry.npmjs.org/sharp set size:undefined disposed:false
96 silly fetch manifest react@^18.2.0 || 19.0.0-rc-de68d2f4-20241204 || ^19.0.0
97 silly packumentCache full:https://registry.npmjs.org/react cache-miss
98 http cache https://registry.npmjs.org/react 15ms (cache hit)
99 silly packumentCache full:https://registry.npmjs.org/react set size:6688498 disposed:false
100 silly placeDep ROOT @next/env@16.2.7 OK for: next@16.2.7 want: 16.2.7
101 silly placeDep ROOT @next/swc-darwin-arm64@16.2.7 OK for: next@16.2.7 want: 16.2.7
102 silly placeDep ROOT @next/swc-darwin-x64@16.2.7 OK for: next@16.2.7 want: 16.2.7
103 silly placeDep ROOT @next/swc-linux-arm64-gnu@16.2.7 OK for: next@16.2.7 want: 16.2.7
104 silly placeDep ROOT @next/swc-linux-arm64-musl@16.2.7 OK for: next@16.2.7 want: 16.2.7
105 silly placeDep ROOT @next/swc-linux-x64-gnu@16.2.7 OK for: next@16.2.7 want: 16.2.7
106 silly placeDep ROOT @next/swc-linux-x64-musl@16.2.7 OK for: next@16.2.7 want: 16.2.7
107 silly placeDep ROOT @next/swc-win32-arm64-msvc@16.2.7 OK for: next@16.2.7 want: 16.2.7
108 silly placeDep ROOT @next/swc-win32-x64-msvc@16.2.7 OK for: next@16.2.7 want: 16.2.7
109 silly placeDep ROOT @swc/helpers@0.5.15 OK for: next@16.2.7 want: 0.5.15
110 silly placeDep ROOT sharp@0.34.5 OK for: next@16.2.7 want: ^0.34.5
111 silly placeDep ROOT styled-jsx@5.1.6 OK for: next@16.2.7 want: 5.1.6
112 silly fetch manifest tslib@^2.8.0
113 silly packumentCache full:https://registry.npmjs.org/tslib cache-miss
114 silly fetch manifest semver@^7.7.3
115 silly packumentCache full:https://registry.npmjs.org/semver cache-miss
116 silly fetch manifest @img/colour@^1.0.0
117 silly packumentCache full:https://registry.npmjs.org/@img%2fcolour cache-miss
118 silly fetch manifest detect-libc@^2.1.2
119 silly packumentCache full:https://registry.npmjs.org/detect-libc cache-miss
120 silly fetch manifest @img/sharp-wasm32@0.34.5
121 silly packumentCache full:https://registry.npmjs.org/@img%2fsharp-wasm32 cache-miss
122 silly fetch manifest @img/sharp-linux-arm@0.34.5
123 silly packumentCache full:https://registry.npmjs.org/@img%2fsharp-linux-arm cache-miss
124 silly fetch manifest @img/sharp-linux-x64@0.34.5
125 silly packumentCache full:https://registry.npmjs.org/@img%2fsharp-linux-x64 cache-miss
126 silly fetch manifest @img/sharp-win32-x64@0.34.5
127 silly packumentCache full:https://registry.npmjs.org/@img%2fsharp-win32-x64 cache-miss
128 silly fetch manifest @img/sharp-darwin-x64@0.34.5
129 silly packumentCache full:https://registry.npmjs.org/@img%2fsharp-darwin-x64 cache-miss
130 silly fetch manifest @img/sharp-win32-ia32@0.34.5
131 silly packumentCache full:https://registry.npmjs.org/@img%2fsharp-win32-ia32 cache-miss
132 silly fetch manifest @img/sharp-linux-arm64@0.34.5
133 silly packumentCache full:https://registry.npmjs.org/@img%2fsharp-linux-arm64 cache-miss
134 silly fetch manifest @img/sharp-linux-ppc64@0.34.5
135 silly packumentCache full:https://registry.npmjs.org/@img%2fsharp-linux-ppc64 cache-miss
136 silly fetch manifest @img/sharp-linux-s390x@0.34.5
137 silly packumentCache full:https://registry.npmjs.org/@img%2fsharp-linux-s390x cache-miss
138 silly fetch manifest @img/sharp-win32-arm64@0.34.5
139 silly packumentCache full:https://registry.npmjs.org/@img%2fsharp-win32-arm64 cache-miss
140 silly fetch manifest @img/sharp-darwin-arm64@0.34.5
141 silly packumentCache full:https://registry.npmjs.org/@img%2fsharp-darwin-arm64 cache-miss
142 http cache https://registry.npmjs.org/tslib 26ms (cache hit)
143 silly packumentCache full:https://registry.npmjs.org/tslib set size:108760 disposed:false
144 silly fetch manifest @img/sharp-linux-riscv64@0.34.5
145 silly packumentCache full:https://registry.npmjs.org/@img%2fsharp-linux-riscv64 cache-miss
146 http fetch GET 200 https://registry.npmjs.org/semver 97ms (cache miss)
147 silly packumentCache full:https://registry.npmjs.org/semver set size:undefined disposed:false
148 silly fetch manifest @img/sharp-linuxmusl-x64@0.34.5
149 silly packumentCache full:https://registry.npmjs.org/@img%2fsharp-linuxmusl-x64 cache-miss
150 http fetch GET 200 https://registry.npmjs.org/@img%2fsharp-wasm32 155ms (cache miss)
151 silly packumentCache full:https://registry.npmjs.org/@img%2fsharp-wasm32 set size:undefined disposed:false
152 silly fetch manifest @img/sharp-linuxmusl-arm64@0.34.5
153 silly packumentCache full:https://registry.npmjs.org/@img%2fsharp-linuxmusl-arm64 cache-miss
154 http fetch GET 200 https://registry.npmjs.org/detect-libc 182ms (cache miss)
155 silly packumentCache full:https://registry.npmjs.org/detect-libc set size:undefined disposed:false
156 silly fetch manifest @img/sharp-libvips-linux-arm@1.2.4
157 silly packumentCache full:https://registry.npmjs.org/@img%2fsharp-libvips-linux-arm cache-miss
158 http fetch GET 200 https://registry.npmjs.org/@img%2fcolour 207ms (cache miss)
159 silly packumentCache full:https://registry.npmjs.org/@img%2fcolour set size:undefined disposed:false
160 silly fetch manifest @img/sharp-libvips-linux-x64@1.2.4
161 silly packumentCache full:https://registry.npmjs.org/@img%2fsharp-libvips-linux-x64 cache-miss
162 http fetch GET 200 https://registry.npmjs.org/@img%2fsharp-linux-s390x 209ms (cache miss)
163 silly packumentCache full:https://registry.npmjs.org/@img%2fsharp-linux-s390x set size:undefined disposed:false
164 silly fetch manifest @img/sharp-libvips-darwin-x64@1.2.4
165 silly packumentCache full:https://registry.npmjs.org/@img%2fsharp-libvips-darwin-x64 cache-miss
166 http fetch GET 200 https://registry.npmjs.org/@img%2fsharp-linux-ppc64 212ms (cache miss)
167 silly packumentCache full:https://registry.npmjs.org/@img%2fsharp-linux-ppc64 set size:undefined disposed:false
168 silly fetch manifest @img/sharp-libvips-linux-arm64@1.2.4
169 silly packumentCache full:https://registry.npmjs.org/@img%2fsharp-libvips-linux-arm64 cache-miss
170 http fetch GET 200 https://registry.npmjs.org/@img%2fsharp-linux-x64 217ms (cache miss)
171 silly packumentCache full:https://registry.npmjs.org/@img%2fsharp-linux-x64 set size:undefined disposed:false
172 silly fetch manifest @img/sharp-libvips-linux-ppc64@1.2.4
173 silly packumentCache full:https://registry.npmjs.org/@img%2fsharp-libvips-linux-ppc64 cache-miss
174 http fetch GET 200 https://registry.npmjs.org/@img%2fsharp-linux-arm 218ms (cache miss)
175 silly packumentCache full:https://registry.npmjs.org/@img%2fsharp-linux-arm set size:undefined disposed:false
176 silly fetch manifest @img/sharp-libvips-linux-s390x@1.2.4
177 silly packumentCache full:https://registry.npmjs.org/@img%2fsharp-libvips-linux-s390x cache-miss
178 http fetch GET 200 https://registry.npmjs.org/@img%2fsharp-win32-ia32 221ms (cache miss)
179 silly packumentCache full:https://registry.npmjs.org/@img%2fsharp-win32-ia32 set size:undefined disposed:false
180 silly fetch manifest @img/sharp-libvips-darwin-arm64@1.2.4
181 silly packumentCache full:https://registry.npmjs.org/@img%2fsharp-libvips-darwin-arm64 cache-miss
182 http fetch GET 200 https://registry.npmjs.org/@img%2fsharp-linux-arm64 223ms (cache miss)
183 silly packumentCache full:https://registry.npmjs.org/@img%2fsharp-linux-arm64 set size:undefined disposed:false
184 silly fetch manifest @img/sharp-libvips-linux-riscv64@1.2.4
185 silly packumentCache full:https://registry.npmjs.org/@img%2fsharp-libvips-linux-riscv64 cache-miss
186 http fetch GET 200 https://registry.npmjs.org/@img%2fsharp-linuxmusl-x64 127ms (cache miss)
187 silly packumentCache full:https://registry.npmjs.org/@img%2fsharp-linuxmusl-x64 set size:undefined disposed:false
188 silly fetch manifest @img/sharp-libvips-linuxmusl-x64@1.2.4
189 silly packumentCache full:https://registry.npmjs.org/@img%2fsharp-libvips-linuxmusl-x64 cache-miss
190 http fetch GET 200 https://registry.npmjs.org/@img%2fsharp-win32-arm64 226ms (cache miss)
191 silly packumentCache full:https://registry.npmjs.org/@img%2fsharp-win32-arm64 set size:undefined disposed:false
192 silly fetch manifest @img/sharp-libvips-linuxmusl-arm64@1.2.4
193 silly packumentCache full:https://registry.npmjs.org/@img%2fsharp-libvips-linuxmusl-arm64 cache-miss
194 http fetch GET 200 https://registry.npmjs.org/@img%2fsharp-win32-x64 231ms (cache miss)
195 silly packumentCache full:https://registry.npmjs.org/@img%2fsharp-win32-x64 set size:undefined disposed:false
196 silly fetch manifest client-only@0.0.1
197 silly packumentCache full:https://registry.npmjs.org/client-only cache-miss
198 http fetch GET 200 https://registry.npmjs.org/@img%2fsharp-darwin-arm64 230ms (cache miss)
199 silly packumentCache full:https://registry.npmjs.org/@img%2fsharp-darwin-arm64 set size:undefined disposed:false
200 http fetch GET 200 https://registry.npmjs.org/@img%2fsharp-linux-riscv64 210ms (cache miss)
201 silly packumentCache full:https://registry.npmjs.org/@img%2fsharp-linux-riscv64 set size:undefined disposed:false
202 http fetch GET 200 https://registry.npmjs.org/@img%2fsharp-darwin-x64 235ms (cache miss)
203 silly packumentCache full:https://registry.npmjs.org/@img%2fsharp-darwin-x64 set size:undefined disposed:false
204 http fetch GET 200 https://registry.npmjs.org/@img%2fsharp-linuxmusl-arm64 83ms (cache miss)
205 silly packumentCache full:https://registry.npmjs.org/@img%2fsharp-linuxmusl-arm64 set size:undefined disposed:false
206 http cache https://registry.npmjs.org/client-only 9ms (cache hit)
207 silly packumentCache full:https://registry.npmjs.org/client-only set size:2750 disposed:false
208 http fetch GET 200 https://registry.npmjs.org/@img%2fsharp-libvips-linux-arm 68ms (cache miss)
209 silly packumentCache full:https://registry.npmjs.org/@img%2fsharp-libvips-linux-arm set size:undefined disposed:false
210 http fetch GET 200 https://registry.npmjs.org/@img%2fsharp-libvips-darwin-x64 88ms (cache miss)
211 silly packumentCache full:https://registry.npmjs.org/@img%2fsharp-libvips-darwin-x64 set size:undefined disposed:false
212 http fetch GET 200 https://registry.npmjs.org/@img%2fsharp-libvips-linux-arm64 88ms (cache miss)
213 silly packumentCache full:https://registry.npmjs.org/@img%2fsharp-libvips-linux-arm64 set size:undefined disposed:false
214 http fetch GET 200 https://registry.npmjs.org/@img%2fsharp-libvips-linux-s390x 85ms (cache miss)
215 silly packumentCache full:https://registry.npmjs.org/@img%2fsharp-libvips-linux-s390x set size:undefined disposed:false
216 http fetch GET 200 https://registry.npmjs.org/@img%2fsharp-libvips-linux-ppc64 88ms (cache miss)
217 silly packumentCache full:https://registry.npmjs.org/@img%2fsharp-libvips-linux-ppc64 set size:undefined disposed:false
218 http fetch GET 200 https://registry.npmjs.org/@img%2fsharp-libvips-darwin-arm64 85ms (cache miss)
219 silly packumentCache full:https://registry.npmjs.org/@img%2fsharp-libvips-darwin-arm64 set size:undefined disposed:false
220 http fetch GET 200 https://registry.npmjs.org/@img%2fsharp-libvips-linux-riscv64 84ms (cache miss)
221 silly packumentCache full:https://registry.npmjs.org/@img%2fsharp-libvips-linux-riscv64 set size:undefined disposed:false
222 http fetch GET 200 https://registry.npmjs.org/@img%2fsharp-libvips-linuxmusl-x64 85ms (cache miss)
223 silly packumentCache full:https://registry.npmjs.org/@img%2fsharp-libvips-linuxmusl-x64 set size:undefined disposed:false
224 http fetch GET 200 https://registry.npmjs.org/@img%2fsharp-libvips-linux-x64 106ms (cache miss)
225 silly packumentCache full:https://registry.npmjs.org/@img%2fsharp-libvips-linux-x64 set size:undefined disposed:false
226 http fetch GET 200 https://registry.npmjs.org/@img%2fsharp-libvips-linuxmusl-arm64 85ms (cache miss)
227 silly packumentCache full:https://registry.npmjs.org/@img%2fsharp-libvips-linuxmusl-arm64 set size:undefined disposed:false
228 silly placeDep ROOT tslib@2.8.1 OK for: @swc/helpers@0.5.15 want: ^2.8.0
229 silly placeDep ROOT @img/colour@1.1.0 OK for: sharp@0.34.5 want: ^1.0.0
230 silly placeDep ROOT @img/sharp-darwin-arm64@0.34.5 OK for: sharp@0.34.5 want: 0.34.5
231 silly placeDep ROOT @img/sharp-darwin-x64@0.34.5 OK for: sharp@0.34.5 want: 0.34.5
232 silly placeDep ROOT @img/sharp-libvips-darwin-arm64@1.2.4 OK for: sharp@0.34.5 want: 1.2.4
233 silly placeDep ROOT @img/sharp-libvips-darwin-x64@1.2.4 OK for: sharp@0.34.5 want: 1.2.4
234 silly placeDep ROOT @img/sharp-libvips-linux-arm@1.2.4 OK for: sharp@0.34.5 want: 1.2.4
235 silly placeDep ROOT @img/sharp-libvips-linux-arm64@1.2.4 OK for: sharp@0.34.5 want: 1.2.4
236 silly placeDep ROOT @img/sharp-libvips-linux-ppc64@1.2.4 OK for: sharp@0.34.5 want: 1.2.4
237 silly placeDep ROOT @img/sharp-libvips-linux-riscv64@1.2.4 OK for: sharp@0.34.5 want: 1.2.4
238 silly placeDep ROOT @img/sharp-libvips-linux-s390x@1.2.4 OK for: sharp@0.34.5 want: 1.2.4
239 silly placeDep ROOT @img/sharp-libvips-linux-x64@1.2.4 OK for: sharp@0.34.5 want: 1.2.4
240 silly placeDep ROOT @img/sharp-libvips-linuxmusl-arm64@1.2.4 OK for: sharp@0.34.5 want: 1.2.4
241 silly placeDep ROOT @img/sharp-libvips-linuxmusl-x64@1.2.4 OK for: sharp@0.34.5 want: 1.2.4
242 silly placeDep ROOT @img/sharp-linux-arm@0.34.5 OK for: sharp@0.34.5 want: 0.34.5
243 silly placeDep ROOT @img/sharp-linux-arm64@0.34.5 OK for: sharp@0.34.5 want: 0.34.5
244 silly placeDep ROOT @img/sharp-linux-ppc64@0.34.5 OK for: sharp@0.34.5 want: 0.34.5
245 silly placeDep ROOT @img/sharp-linux-riscv64@0.34.5 OK for: sharp@0.34.5 want: 0.34.5
246 silly placeDep ROOT @img/sharp-linux-s390x@0.34.5 OK for: sharp@0.34.5 want: 0.34.5
247 silly placeDep ROOT @img/sharp-linux-x64@0.34.5 OK for: sharp@0.34.5 want: 0.34.5
248 silly placeDep ROOT @img/sharp-linuxmusl-arm64@0.34.5 OK for: sharp@0.34.5 want: 0.34.5
249 silly placeDep ROOT @img/sharp-linuxmusl-x64@0.34.5 OK for: sharp@0.34.5 want: 0.34.5
250 silly placeDep ROOT @img/sharp-wasm32@0.34.5 OK for: sharp@0.34.5 want: 0.34.5
251 silly placeDep ROOT @img/sharp-win32-arm64@0.34.5 OK for: sharp@0.34.5 want: 0.34.5
252 silly placeDep ROOT @img/sharp-win32-ia32@0.34.5 OK for: sharp@0.34.5 want: 0.34.5
253 silly placeDep ROOT @img/sharp-win32-x64@0.34.5 OK for: sharp@0.34.5 want: 0.34.5
254 silly placeDep ROOT detect-libc@2.1.2 OK for: sharp@0.34.5 want: ^2.1.2
255 silly placeDep ROOT semver@7.8.3 OK for: sharp@0.34.5 want: ^7.7.3
256 silly fetch manifest @emnapi/runtime@^1.7.0
257 silly packumentCache full:https://registry.npmjs.org/@emnapi%2fruntime cache-miss
258 http fetch GET 200 https://registry.npmjs.org/@emnapi%2fruntime 81ms (cache miss)
259 silly packumentCache full:https://registry.npmjs.org/@emnapi%2fruntime set size:undefined disposed:false
260 silly placeDep ROOT @emnapi/runtime@1.11.0 OK for: @img/sharp-wasm32@0.34.5 want: ^1.7.0
261 silly placeDep ROOT client-only@0.0.1 OK for: styled-jsx@5.1.6 want: 0.0.1
262 silly reify mark retired [
262 silly reify   'C:\\Users\\caioc\\OneDrive\\Desktop\\StudyBase\\node_modules\\@next\\env'
262 silly reify ]
263 silly reify mark retired [
263 silly reify   'C:\\Users\\caioc\\OneDrive\\Desktop\\StudyBase\\node_modules\\@next\\swc-win32-x64-msvc'
263 silly reify ]
264 silly reify mark retired [
264 silly reify   'C:\\Users\\caioc\\OneDrive\\Desktop\\StudyBase\\node_modules\\@swc\\counter'
264 silly reify ]
265 silly reify mark retired [
265 silly reify   'C:\\Users\\caioc\\OneDrive\\Desktop\\StudyBase\\node_modules\\@swc\\helpers'
265 silly reify ]
266 silly reify mark retired [
266 silly reify   'C:\\Users\\caioc\\OneDrive\\Desktop\\StudyBase\\node_modules\\busboy'
266 silly reify ]
267 silly reify mark retired [
267 silly reify   'C:\\Users\\caioc\\OneDrive\\Desktop\\StudyBase\\node_modules\\graceful-fs'
267 silly reify ]
268 silly reify mark retired [
268 silly reify   'C:\\Users\\caioc\\OneDrive\\Desktop\\StudyBase\\node_modules\\next',
268 silly reify   'C:\\Users\\caioc\\OneDrive\\Desktop\\StudyBase\\node_modules\\.bin\\next',
268 silly reify   'C:\\Users\\caioc\\OneDrive\\Desktop\\StudyBase\\node_modules\\.bin\\next.cmd',
268 silly reify   'C:\\Users\\caioc\\OneDrive\\Desktop\\StudyBase\\node_modules\\.bin\\next.ps1'
268 silly reify ]
269 silly reify mark retired [
269 silly reify   'C:\\Users\\caioc\\OneDrive\\Desktop\\StudyBase\\node_modules\\postcss'
269 silly reify ]
270 silly reify mark retired [
270 silly reify   'C:\\Users\\caioc\\OneDrive\\Desktop\\StudyBase\\node_modules\\streamsearch'
270 silly reify ]
271 silly reify mark retired [
271 silly reify   'C:\\Users\\caioc\\OneDrive\\Desktop\\StudyBase\\node_modules\\styled-jsx'
271 silly reify ]
272 silly reify moves {
272 silly reify   'C:\\Users\\caioc\\OneDrive\\Desktop\\StudyBase\\node_modules\\@next\\env': 'C:\\Users\\caioc\\OneDrive\\Desktop\\StudyBase\\node_modules\\@next\\.env-XCejG6qr',
272 silly reify   'C:\\Users\\caioc\\OneDrive\\Desktop\\StudyBase\\node_modules\\@next\\swc-win32-x64-msvc': 'C:\\Users\\caioc\\OneDrive\\Desktop\\StudyBase\\node_modules\\@next\\.swc-win32-x64-msvc-SzGPSJJb',
272 silly reify   'C:\\Users\\caioc\\OneDrive\\Desktop\\StudyBase\\node_modules\\@swc\\counter': 'C:\\Users\\caioc\\OneDrive\\Desktop\\StudyBase\\node_modules\\@swc\\.counter-6sxiJ7IV',
272 silly reify   'C:\\Users\\caioc\\OneDrive\\Desktop\\StudyBase\\node_modules\\@swc\\helpers': 'C:\\Users\\caioc\\OneDrive\\Desktop\\StudyBase\\node_modules\\@swc\\.helpers-oAXlaFBJ',
272 silly reify   'C:\\Users\\caioc\\OneDrive\\Desktop\\StudyBase\\node_modules\\busboy': 'C:\\Users\\caioc\\OneDrive\\Desktop\\StudyBase\\node_modules\\.busboy-53r9DRun',
272 silly reify   'C:\\Users\\caioc\\OneDrive\\Desktop\\StudyBase\\node_modules\\graceful-fs': 'C:\\Users\\caioc\\OneDrive\\Desktop\\StudyBase\\node_modules\\.graceful-fs-IF7wHW96',
272 silly reify   'C:\\Users\\caioc\\OneDrive\\Desktop\\StudyBase\\node_modules\\next': 'C:\\Users\\caioc\\OneDrive\\Desktop\\StudyBase\\node_modules\\.next-Y1lByl7h',
272 silly reify   'C:\\Users\\caioc\\OneDrive\\Desktop\\StudyBase\\node_modules\\.bin\\next': 'C:\\Users\\caioc\\OneDrive\\Desktop\\StudyBase\\node_modules\\.bin\\.next-dZ77SN7f',
272 silly reify   'C:\\Users\\caioc\\OneDrive\\Desktop\\StudyBase\\node_modules\\.bin\\next.cmd': 'C:\\Users\\caioc\\OneDrive\\Desktop\\StudyBase\\node_modules\\.bin\\.next.cmd-RqiBryGq',
272 silly reify   'C:\\Users\\caioc\\OneDrive\\Desktop\\StudyBase\\node_modules\\.bin\\next.ps1': 'C:\\Users\\caioc\\OneDrive\\Desktop\\StudyBase\\node_modules\\.bin\\.next.ps1-9WEwTHB4',
272 silly reify   'C:\\Users\\caioc\\OneDrive\\Desktop\\StudyBase\\node_modules\\postcss': 'C:\\Users\\caioc\\OneDrive\\Desktop\\StudyBase\\node_modules\\.postcss-P2wxSKAJ',
272 silly reify   'C:\\Users\\caioc\\OneDrive\\Desktop\\StudyBase\\node_modules\\streamsearch': 'C:\\Users\\caioc\\OneDrive\\Desktop\\StudyBase\\node_modules\\.streamsearch-6Gd8SiE4',
272 silly reify   'C:\\Users\\caioc\\OneDrive\\Desktop\\StudyBase\\node_modules\\styled-jsx': 'C:\\Users\\caioc\\OneDrive\\Desktop\\StudyBase\\node_modules\\.styled-jsx-LJI237xj'
272 silly reify }
273 silly audit bulk request {
273 silly audit   '@alloc/quick-lru': [ '5.2.0' ],
273 silly audit   '@jridgewell/gen-mapping': [ '0.3.13' ],
273 silly audit   '@jridgewell/resolve-uri': [ '3.1.2' ],
273 silly audit   '@jridgewell/sourcemap-codec': [ '1.5.5' ],
273 silly audit   '@jridgewell/trace-mapping': [ '0.3.31' ],
273 silly audit   '@nodelib/fs.scandir': [ '2.1.5' ],
273 silly audit   '@nodelib/fs.stat': [ '2.0.5' ],
273 silly audit   '@nodelib/fs.walk': [ '1.2.8' ],
273 silly audit   '@types/node': [ '20.17.6' ],
273 silly audit   '@types/prop-types': [ '15.7.15' ],
273 silly audit   '@types/react': [ '18.3.12' ],
273 silly audit   '@types/react-dom': [ '18.3.1' ],
273 silly audit   'any-promise': [ '1.3.0' ],
273 silly audit   anymatch: [ '3.1.3' ],
273 silly audit   arg: [ '5.0.2' ],
273 silly audit   autoprefixer: [ '10.4.20' ],
273 silly audit   'baseline-browser-mapping': [ '2.10.34' ],
273 silly audit   'binary-extensions': [ '2.3.0' ],
273 silly audit   braces: [ '3.0.3' ],
273 silly audit   browserslist: [ '4.28.2' ],
273 silly audit   'camelcase-css': [ '2.0.1' ],
273 silly audit   'caniuse-lite': [ '1.0.30001797' ],
273 silly audit   chokidar: [ '3.6.0' ],
273 silly audit   'glob-parent': [ '5.1.2', '6.0.2' ],
273 silly audit   commander: [ '4.1.1' ],
273 silly audit   cssesc: [ '3.0.0' ],
273 silly audit   csstype: [ '3.2.3' ],
273 silly audit   didyoumean: [ '1.2.2' ],
273 silly audit   dlv: [ '1.1.3' ],
273 silly audit   'electron-to-chromium': [ '1.5.368' ],
273 silly audit   'es-errors': [ '1.3.0' ],
273 silly audit   escalade: [ '3.2.0' ],
273 silly audit   'fast-glob': [ '3.3.3' ],
273 silly audit   fastq: [ '1.20.1' ],
273 silly audit   'fill-range': [ '7.1.1' ],
273 silly audit   'fraction.js': [ '4.3.7' ],
273 silly audit   fsevents: [ '2.3.3' ],
273 silly audit   'function-bind': [ '1.1.2' ],
273 silly audit   hasown: [ '2.0.4' ],
273 silly audit   'is-binary-path': [ '2.1.0' ],
273 silly audit   'is-core-module': [ '2.16.2' ],
273 silly audit   'is-extglob': [ '2.1.1' ],
273 silly audit   'is-glob': [ '4.0.3' ],
273 silly audit   'is-number': [ '7.0.0' ],
273 silly audit   jiti: [ '1.21.7' ],
273 silly audit   'js-tokens': [ '4.0.0' ],
273 silly audit   lilconfig: [ '2.1.0', '3.1.3' ],
273 silly audit   'lines-and-columns': [ '1.2.4' ],
273 silly audit   'loose-envify': [ '1.4.0' ],
273 silly audit   merge2: [ '1.4.1' ],
273 silly audit   micromatch: [ '4.0.8' ],
273 silly audit   mz: [ '2.7.0' ],
273 silly audit   nanoid: [ '3.3.12' ],
273 silly audit   postcss: [ '8.4.31', '8.5.10' ],
273 silly audit   'node-releases': [ '2.0.47' ],
273 silly audit   'normalize-path': [ '3.0.0' ],
273 silly audit   'normalize-range': [ '0.1.2' ],
273 silly audit   'object-assign': [ '4.1.1' ],
273 silly audit   'object-hash': [ '3.0.0' ],
273 silly audit   'path-parse': [ '1.0.7' ],
273 silly audit   picocolors: [ '1.1.1' ],
273 silly audit   picomatch: [ '2.3.2', '4.0.4' ],
273 silly audit   pify: [ '2.3.0' ],
273 silly audit   pirates: [ '4.0.7' ],
273 silly audit   'postcss-import': [ '15.1.0' ],
273 silly audit   'postcss-js': [ '4.1.0' ],
273 silly audit   'postcss-nested': [ '6.2.0' ],
273 silly audit   'postcss-selector-parser': [ '6.1.2' ],
273 silly audit   'postcss-value-parser': [ '4.2.0' ],
273 silly audit   'queue-microtask': [ '1.2.3' ],
273 silly audit   react: [ '18.3.1' ],
273 silly audit   'react-dom': [ '18.3.1' ],
273 silly audit   'read-cache': [ '1.0.0' ],
273 silly audit   readdirp: [ '3.6.0' ],
273 silly audit   resolve: [ '1.22.12' ],
273 silly audit   reusify: [ '1.1.0' ],
273 silly audit   'run-parallel': [ '1.2.0' ],
273 silly audit   scheduler: [ '0.23.2' ],
273 silly audit   'source-map-js': [ '1.2.1' ],
273 silly audit   sucrase: [ '3.35.1' ],
273 silly audit   'supports-preserve-symlinks-flag': [ '1.0.0' ],
273 silly audit   tailwindcss: [ '3.4.14' ],
273 silly audit   'postcss-load-config': [ '4.0.2' ],
273 silly audit   thenify: [ '3.3.1' ],
273 silly audit   'thenify-all': [ '1.6.0' ],
273 silly audit   tinyglobby: [ '0.2.17' ],
273 silly audit   fdir: [ '6.5.0' ],
273 silly audit   'to-regex-range': [ '5.0.1' ],
273 silly audit   'ts-interface-checker': [ '0.1.13' ],
273 silly audit   typescript: [ '5.6.3' ],
273 silly audit   'undici-types': [ '6.19.8' ],
273 silly audit   'update-browserslist-db': [ '1.2.3' ],
273 silly audit   'util-deprecate': [ '1.0.2' ],
273 silly audit   yaml: [ '2.9.0' ],
273 silly audit   next: [ '16.2.7' ],
273 silly audit   '@next/env': [ '16.2.7' ],
273 silly audit   '@next/swc-darwin-arm64': [ '16.2.7' ],
273 silly audit   '@next/swc-darwin-x64': [ '16.2.7' ],
273 silly audit   '@next/swc-linux-arm64-gnu': [ '16.2.7' ],
273 silly audit   '@next/swc-linux-arm64-musl': [ '16.2.7' ],
273 silly audit   '@next/swc-linux-x64-gnu': [ '16.2.7' ],
273 silly audit   '@next/swc-linux-x64-musl': [ '16.2.7' ],
273 silly audit   '@next/swc-win32-arm64-msvc': [ '16.2.7' ],
273 silly audit   '@next/swc-win32-x64-msvc': [ '16.2.7' ],
273 silly audit   '@swc/helpers': [ '0.5.15' ],
273 silly audit   sharp: [ '0.34.5' ],
273 silly audit   'styled-jsx': [ '5.1.6' ],
273 silly audit   tslib: [ '2.8.1' ],
273 silly audit   '@img/colour': [ '1.1.0' ],
273 silly audit   '@img/sharp-darwin-arm64': [ '0.34.5' ],
273 silly audit   '@img/sharp-darwin-x64': [ '0.34.5' ],
273 silly audit   '@img/sharp-libvips-darwin-arm64': [ '1.2.4' ],
273 silly audit   '@img/sharp-libvips-darwin-x64': [ '1.2.4' ],
273 silly audit   '@img/sharp-libvips-linux-arm': [ '1.2.4' ],
273 silly audit   '@img/sharp-libvips-linux-arm64': [ '1.2.4' ],
273 silly audit   '@img/sharp-libvips-linux-ppc64': [ '1.2.4' ],
273 silly audit   '@img/sharp-libvips-linux-riscv64': [ '1.2.4' ],
273 silly audit   '@img/sharp-libvips-linux-s390x': [ '1.2.4' ],
273 silly audit   '@img/sharp-libvips-linux-x64': [ '1.2.4' ],
273 silly audit   '@img/sharp-libvips-linuxmusl-arm64': [ '1.2.4' ],
273 silly audit   '@img/sharp-libvips-linuxmusl-x64': [ '1.2.4' ],
273 silly audit   '@img/sharp-linux-arm': [ '0.34.5' ],
273 silly audit   '@img/sharp-linux-arm64': [ '0.34.5' ],
273 silly audit   '@img/sharp-linux-ppc64': [ '0.34.5' ],
273 silly audit   '@img/sharp-linux-riscv64': [ '0.34.5' ],
273 silly audit   '@img/sharp-linux-s390x': [ '0.34.5' ],
273 silly audit   '@img/sharp-linux-x64': [ '0.34.5' ],
273 silly audit   '@img/sharp-linuxmusl-arm64': [ '0.34.5' ],
273 silly audit   '@img/sharp-linuxmusl-x64': [ '0.34.5' ],
273 silly audit   '@img/sharp-wasm32': [ '0.34.5' ],
273 silly audit   '@img/sharp-win32-arm64': [ '0.34.5' ],
273 silly audit   '@img/sharp-win32-ia32': [ '0.34.5' ],
273 silly audit   '@img/sharp-win32-x64': [ '0.34.5' ],
273 silly audit   'detect-libc': [ '2.1.2' ],
273 silly audit   semver: [ '7.8.3' ],
273 silly audit   '@emnapi/runtime': [ '1.11.0' ],
273 silly audit   'client-only': [ '0.0.1' ]
273 silly audit }
274 http cache semver@https://registry.npmjs.org/semver/-/semver-7.8.3.tgz 0ms (cache hit)
275 http cache detect-libc@https://registry.npmjs.org/detect-libc/-/detect-libc-2.1.2.tgz 0ms (cache hit)
276 http cache @img/sharp-win32-x64@https://registry.npmjs.org/@img/sharp-win32-x64/-/sharp-win32-x64-0.34.5.tgz 0ms (cache hit)
277 http cache @img/colour@https://registry.npmjs.org/@img/colour/-/colour-1.1.0.tgz 0ms (cache hit)
278 http cache styled-jsx@https://registry.npmjs.org/styled-jsx/-/styled-jsx-5.1.6.tgz 0ms (cache hit)
279 http cache sharp@https://registry.npmjs.org/sharp/-/sharp-0.34.5.tgz 0ms (cache hit)
280 http cache next@https://registry.npmjs.org/next/-/next-16.2.7.tgz 0ms (cache hit)
281 http cache postcss@https://registry.npmjs.org/postcss/-/postcss-8.5.10.tgz 0ms (cache hit)
282 silly tarball no local data for semver@https://registry.npmjs.org/semver/-/semver-7.8.3.tgz. Extracting by manifest.
283 silly tarball no local data for detect-libc@https://registry.npmjs.org/detect-libc/-/detect-libc-2.1.2.tgz. Extracting by manifest.
284 silly tarball no local data for @img/sharp-win32-x64@https://registry.npmjs.org/@img/sharp-win32-x64/-/sharp-win32-x64-0.34.5.tgz. Extracting by manifest.
285 silly tarball no local data for @img/colour@https://registry.npmjs.org/@img/colour/-/colour-1.1.0.tgz. Extracting by manifest.
286 http cache @swc/helpers@https://registry.npmjs.org/@swc/helpers/-/helpers-0.5.15.tgz 0ms (cache hit)
287 silly tarball no local data for styled-jsx@https://registry.npmjs.org/styled-jsx/-/styled-jsx-5.1.6.tgz. Extracting by manifest.
288 silly tarball no local data for sharp@https://registry.npmjs.org/sharp/-/sharp-0.34.5.tgz. Extracting by manifest.
289 silly tarball no local data for next@https://registry.npmjs.org/next/-/next-16.2.7.tgz. Extracting by manifest.
290 silly tarball no local data for postcss@https://registry.npmjs.org/postcss/-/postcss-8.5.10.tgz. Extracting by manifest.
291 http cache @next/env@https://registry.npmjs.org/@next/env/-/env-16.2.7.tgz 0ms (cache hit)
292 http cache @next/swc-win32-x64-msvc@https://registry.npmjs.org/@next/swc-win32-x64-msvc/-/swc-win32-x64-msvc-16.2.7.tgz 0ms (cache hit)
293 silly tarball no local data for @swc/helpers@https://registry.npmjs.org/@swc/helpers/-/helpers-0.5.15.tgz. Extracting by manifest.
294 silly tarball no local data for @next/env@https://registry.npmjs.org/@next/env/-/env-16.2.7.tgz. Extracting by manifest.
295 silly tarball no local data for @next/swc-win32-x64-msvc@https://registry.npmjs.org/@next/swc-win32-x64-msvc/-/swc-win32-x64-msvc-16.2.7.tgz. Extracting by manifest.
296 http fetch GET 200 https://registry.npmjs.org/@next/env/-/env-16.2.7.tgz 105ms (cache miss)
297 http fetch GET 200 https://registry.npmjs.org/detect-libc/-/detect-libc-2.1.2.tgz 136ms (cache miss)
298 http fetch GET 200 https://registry.npmjs.org/semver/-/semver-7.8.3.tgz 198ms (cache miss)
299 http fetch GET 200 https://registry.npmjs.org/postcss/-/postcss-8.5.10.tgz 204ms (cache miss)
300 http fetch GET 200 https://registry.npmjs.org/sharp/-/sharp-0.34.5.tgz 221ms (cache miss)
301 http fetch POST 200 https://registry.npmjs.org/-/npm/v1/security/advisories/bulk 274ms
302 silly audit report {
302 silly audit report   postcss: [
302 silly audit report     {
302 silly audit report       id: 1117015,
302 silly audit report       url: 'https://github.com/advisories/GHSA-qx2v-qp2m-jg93',
302 silly audit report       title: 'PostCSS has XSS via Unescaped </style> in its CSS Stringify Output',
302 silly audit report       severity: 'moderate',
302 silly audit report       vulnerable_versions: '<8.5.10',
302 silly audit report       cwe: [Array],
302 silly audit report       cvss: [Object]
302 silly audit report     }
302 silly audit report   ]
302 silly audit report }
303 silly packumentCache corgi:https://registry.npmjs.org/postcss cache-miss
304 http cache https://registry.npmjs.org/postcss 12ms (cache hit)
305 silly packumentCache corgi:https://registry.npmjs.org/postcss set size:344717 disposed:false
306 silly packumentCache corgi:https://registry.npmjs.org/next cache-miss
307 http fetch GET 200 https://registry.npmjs.org/@img/colour/-/colour-1.1.0.tgz 286ms (cache miss)
308 http cache https://registry.npmjs.org/next 45ms (cache hit)
309 silly packumentCache corgi:https://registry.npmjs.org/next set size:25178033 disposed:false
310 http fetch GET 200 https://registry.npmjs.org/styled-jsx/-/styled-jsx-5.1.6.tgz 708ms (cache miss)
311 http fetch GET 200 https://registry.npmjs.org/@swc/helpers/-/helpers-0.5.15.tgz 1198ms (cache miss)
312 http fetch GET 200 https://registry.npmjs.org/@img/sharp-win32-x64/-/sharp-win32-x64-0.34.5.tgz 6817ms (cache miss)
313 http fetch GET 200 https://registry.npmjs.org/@next/swc-win32-x64-msvc/-/swc-win32-x64-msvc-16.2.7.tgz 16488ms (cache miss)
314 http fetch GET 200 https://registry.npmjs.org/next/-/next-16.2.7.tgz 23652ms (cache miss)
315 info run sharp@0.34.5 install node_modules/sharp node install/check.js || npm run build
316 info run sharp@0.34.5 install { code: 0, signal: null }
317 silly ADD node_modules/semver
318 silly ADD node_modules/detect-libc
319 silly ADD node_modules/@img/sharp-win32-x64
320 silly ADD node_modules/@img/colour
321 silly ADD node_modules/sharp
322 silly CHANGE node_modules/styled-jsx
323 silly REMOVE node_modules/streamsearch
324 silly CHANGE node_modules/postcss
325 silly CHANGE node_modules/next
326 silly REMOVE node_modules/graceful-fs
327 silly REMOVE node_modules/busboy
328 silly CHANGE node_modules/@swc/helpers
329 silly REMOVE node_modules/@swc/counter
330 silly CHANGE node_modules/@next/swc-win32-x64-msvc
331 silly CHANGE node_modules/@next/env
332 verbose cwd C:\Users\caioc\OneDrive\Desktop\StudyBase
333 verbose os Windows_NT 10.0.26200
334 verbose node v24.12.0
335 verbose npm  v11.6.2
336 verbose exit 0
337 info ok
